Flutter crash report; please file at https://github.com/flutter/flutter/issues.

## command

flutter packages get

## exception

FileSystemException: FileSystemException: Cannot retrieve modification time, path = 'E:\flutter\my\pubspec.yaml' (OS Error: The system cannot find the file specified.
, errno = 2)

```
#0      _File.throwIfError (dart:io/file_impl.dart:643:7)
#1      _File.lastModifiedSync (dart:io/file_impl.dart:447:5)
#2      _LocalFile&LocalFileSystemEntity&ForwardingFile.lastModifiedSync (package:file/src/forwarding/forwarding_file.dart:54:43)
#3      pubGet (package:flutter_tools/src/dart/pub.dart:124:59)
<asynchronous suspension>
#4      PackagesGetCommand._runPubGet (package:flutter_tools/src/commands/packages.dart:72:11)
<asynchronous suspension>
#5      PackagesGetCommand.runCommand (package:flutter_tools/src/commands/packages.dart:95:11)
<asynchronous suspension>
#6      FlutterCommand.verifyThenRunCommand (package:flutter_tools/src/runner/flutter_command.dart:559:18)
#7      _asyncThenWrapperHelper.<anonymous closure> (dart:async-patch/async_patch.dart:77:64)
#8      _rootRunUnary (dart:async/zone.dart:1132:38)
#9      _CustomZone.runUnary (dart:async/zone.dart:1029:19)
#10     _FutureListener.handleValue (dart:async/future_impl.dart:126:18)
#11     Future._propagateToListeners.handleValueCallback (dart:async/future_impl.dart:639:45)
#12     Future._propagateToListeners (dart:async/future_impl.dart:668:32)
#13     Future._complete (dart:async/future_impl.dart:473:7)
#14     _SyncCompleter.complete (dart:async/future_impl.dart:51:12)
#15     _AsyncAwaitCompleter.complete.<anonymous closure> (dart:async-patch/async_patch.dart:33:20)
#16     _rootRun (dart:async/zone.dart:1124:13)
#17     _CustomZone.run (dart:async/zone.dart:1021:19)
#18     _CustomZone.bindCallback.<anonymous closure> (dart:async/zone.dart:947:23)
#19     _microtaskLoop (dart:async/schedule_microtask.dart:41:21)
#20     _startMicrotaskLoop (dart:async/schedule_microtask.dart:50:5)
#21     _runPendingImmediateCallback (dart:isolate-patch/isolate_patch.dart:115:13)
#22     _RawReceivePortImpl._handleMessage (dart:isolate-patch/isolate_patch.dart:172:5)
```

## flutter doctor

```
[✓] Flutter (Channel stable, v1.5.4-hotfix.2, on Microsoft Windows [Version 10.0.18362.476], locale en-IN)
    • Flutter version 1.5.4-hotfix.2 at C:\flutter
    • Framework revision 7a4c33425d (7 months ago), 2019-04-29 11:05:24 -0700
    • Engine revision 52c7a1e849
    • Dart version 2.3.0 (build 2.3.0-dev.0.5 a1668566e5)

[✓] Android toolchain - develop for Android devices (Android SDK version 29.0.0)
    • Android SDK at C:\Users\supriya\AppData\Local\Android\sdk
    • Android NDK location not configured (optional; useful for native profiling support)
    • Platform android-29, build-tools 29.0.0
    • Java binary at: C:\Program Files\Android\Android Studio\jre\bin\java
    • Java version OpenJDK Runtime Environment (build 1.8.0_152-release-1343-b01)
    • All Android licenses accepted.

[✓] Android Studio (version 3.4)
    • Android Studio at C:\Program Files\Android\Android Studio
    • Flutter plugin version 36.1.1
    • Dart plugin version 183.6270
    • Java version OpenJDK Runtime Environment (build 1.8.0_152-release-1343-b01)

[✓] Connected device (1 available)
    • RMX1825 • P7PF5HB6VO9DRCKV • android-arm64 • Android 9 (API 28)

• No issues found!
```
